  context.c
  egl_context.c
  init.c
  input.c
  monitor.c
  null_init.c
  null_joystick.c
  null_monitor.c
  null_window.c
  osmesa_context.c
  platform.c
  vulkan.c
  wgl_context.c
  win32_init.c
  win32_joystick.c
  win32_module.c
  win32_monitor.c
  win32_thread.c
  win32_time.c
  win32_window.c
  Running Code Analysis for C/C++...
  Generating Code...
  Compiling...
  window.c
  Running Code Analysis for C/C++...
  Generating Code...
  GLFW.vcxproj -> C:\dev\Spark\SparkEngine\vendor\GLFW\bin\Debug-windows-x86_64\GLFW\GLFW.lib
C:\dev\Spark\SparkEngine\vendor\GLFW\src\win32_thread.c(78): warning C28125: The function 'InitializeCriticalSection' must be called from within a try/except block:  The requirement might be conditional.
